#
# There is insufficient memory for the Java Runtime Environment to continue.
# Native memory allocation (mmap) failed to map 127926272 bytes for committing reserved memory.
# Possible reasons:
#   The system is out of physical RAM or swap space
#   The process is running with CompressedOops enabled, and the Java Heap may be blocking the growth of the native heap
# Possible solutions:
#   Reduce memory load on the system
#   Increase physical memory or swap space
#   Check if swap backing store is full
#   Decrease Java heap size (-Xmx/-Xms)
#   Decrease number of Java threads
#   Decrease Java thread stack sizes (-Xss)
#   Set larger code cache with -XX:ReservedCodeCacheSize=
# This output file may be truncated or incomplete.
#
#  Out of Memory Error (os_linux.cpp:2893), pid=22486, tid=22490
#
# JRE version:  (11.0.4+11) (build )
# Java VM: OpenJDK 64-Bit Server VM (11.0.4+11-post-Ubuntu-1ubuntu218.04.3, mixed mode, aot, sharing, tiered, compressed oops, g1 gc, linux-amd64)
# Core dump will be written. Default location: Core dumps may be processed with "/usr/share/apport/apport %p %s %c %d %P" (or dumping to /home/zerytle/Classes/ecse223/ecse223-project--group-01/ca.mcgill.ecse223.quoridor/core.22486)
#

---------------  S U M M A R Y ------------

Command Line: --add-modules=javafx.controls,javafx.fxml,javafx.graphics --module-path=/home/zerytle/.gradle/caches/modules-2/files-2.1/org.openjfx/javafx-fxml/13/2c1016c361ce5797927e9e14847fbca9bebf3bd5/javafx-fxml-13-linux.jar:/home/zerytle/.gradle/caches/modules-2/files-2.1/org.openjfx/javafx-controls/13/bcedf8eb6e11c2a7908b3126004d41274f6334f3/javafx-controls-13-linux.jar:/home/zerytle/.gradle/caches/modules-2/files-2.1/org.openjfx/javafx-graphics/13/d853d12684f60037dfeea1a47e61396e0febfdfd/javafx-graphics-13-linux.jar:/home/zerytle/.gradle/caches/modules-2/files-2.1/org.openjfx/javafx-base/13/828b1e1a35104bb0f26a347c2716d553ca4cf4d2/javafx-base-13-linux.jar -Dfile.encoding=UTF-8 -Duser.country=CA -Duser.language=en -Duser.variant ca.mcgill.ecse223.quoridor.view.Main

Host: Intel(R) Core(TM) i7-8565U CPU @ 1.80GHz, 8 cores, 7G, Ubuntu 18.04.3 LTS
Time: Sun Nov  3 22:37:09 2019 EST elapsed time: 0 seconds (0d 0h 0m 0s)

---------------  T H R E A D  ---------------

Current thread (0x00007f3bd8013000):  JavaThread "Unknown thread" [_thread_in_vm, id=22490, stack(0x00007f3bdf6af000,0x00007f3bdf7b0000)]

Stack: [0x00007f3bdf6af000,0x00007f3bdf7b0000],  sp=0x00007f3bdf7ae2c0,  free space=1020k
Native frames: (J=compiled Java code, A=aot compiled Java code, j=interpreted, Vv=VM code, C=native code)
V  [libjvm.so+0xde4547]
V  [libjvm.so+0xde519b]
V  [libjvm.so+0x6511a5]
V  [libjvm.so+0xbbed38]
V  [libjvm.so+0xbb5ebd]
V  [libjvm.so+0x76f53f]
V  [libjvm.so+0x76f7ae]
V  [libjvm.so+0x77b820]
V  [libjvm.so+0x7f6969]
V  [libjvm.so+0x7f75c2]
V  [libjvm.so+0x7f7a29]
V  [libjvm.so+0x72de6f]
V  [libjvm.so+0x72e55d]
V  [libjvm.so+0xd9ea32]
V  [libjvm.so+0xd9ecc6]
V  [libjvm.so+0x80f907]
V  [libjvm.so+0xd7d627]
V  [libjvm.so+0x8c8611]  JNI_CreateJavaVM+0x51
C  [libjli.so+0x4a66]
C  [libjli.so+0x92cd]


---------------  P R O C E S S  ---------------

Threads class SMR info:
_java_thread_list=0x00005558ac0f07d0, length=0, elements={
}

Java Threads: ( => current thread )

Other Threads:
  0x00007f3bd802a000 GCTaskThread "GC Thread#0" [stack: 0x00007f3bc001c000,0x00007f3bc011c000] [id=22491]
  0x00007f3bd805a000 ConcurrentGCThread "G1 Main Marker" [stack: 0x00007f3bb6fa5000,0x00007f3bb70a5000] [id=22492]
  0x00007f3bd805b800 ConcurrentGCThread "G1 Conc#0" [stack: 0x00007f3bb6ea3000,0x00007f3bb6fa3000] [id=22493]

[error occurred during error reporting (printing all threads), id 0xb, SIGSEGV (0xb) at pc=0x00007f3bddcbb040]

VM state:not at safepoint (not fully initialized)

VM Mutex/Monitor currently owned by a thread:  ([mutex/lock_event])
[0x00007f3bd800fc40] Heap_lock - owner thread: 0x00007f3bd8013000

Heap address: 0x0000000087e00000, size: 1922 MB, Compressed Oops mode: Non-zero based: 0x0000000087e00000
Narrow klass base: 0x0000000000000000, Narrow klass shift: 0

GC Heap History (0 events):
No events

Deoptimization events (0 events):
No events

Classes redefined (0 events):
No events

Internal exceptions (0 events):
No events

Events (0 events):
No events


Dynamic libraries:
8f800000-100000000 ---p 00000000 00:00 0 
5558abadc000-5558abadd000 r-xp 00000000 103:02 15733138                  /usr/lib/jvm/java-11-openjdk-amd64/bin/java
5558abcdd000-5558abcde000 r--p 00001000 103:02 15733138                  /usr/lib/jvm/java-11-openjdk-amd64/bin/java
5558abcde000-5558abcdf000 rw-p 00002000 103:02 15733138                  /usr/lib/jvm/java-11-openjdk-amd64/bin/java
5558ac0d8000-5558ac0f9000 rw-p 00000000 00:00 0                          [heap]
7f3ba8000000-7f3ba8021000 rw-p 00000000 00:00 0 
7f3ba8021000-7f3bac000000 ---p 00000000 00:00 0 
7f3bb0000000-7f3bb0021000 rw-p 00000000 00:00 0 
7f3bb0021000-7f3bb4000000 ---p 00000000 00:00 0 
7f3bb4699000-7f3bb6ea1000 rw-p 00000000 00:00 0 
7f3bb6ea1000-7f3bb6ea2000 ---p 00000000 00:00 0 
7f3bb6ea2000-7f3bb6fa3000 rw-p 00000000 00:00 0 
7f3bb6fa3000-7f3bb6fa4000 ---p 00000000 00:00 0 
7f3bb6fa4000-7f3bb70a5000 rw-p 00000000 00:00 0 
7f3bb70a5000-7f3bbb7f8000 ---p 00000000 00:00 0 
7f3bbb7f8000-7f3bbc000000 rw-p 00000000 00:00 0 
7f3bbc000000-7f3bbc021000 rw-p 00000000 00:00 0 
7f3bbc021000-7f3bc0000000 ---p 00000000 00:00 0 
7f3bc001a000-7f3bc001b000 ---p 00000000 00:00 0 
7f3bc001b000-7f3bc011c000 rw-p 00000000 00:00 0 
7f3bc011c000-7f3bc038c000 rwxp 00000000 00:00 0 
7f3bc038c000-7f3bc06ad000 ---p 00000000 00:00 0 
7f3bc06ad000-7f3bc091d000 rwxp 00000000 00:00 0 
7f3bc091d000-7f3bc7be4000 ---p 00000000 00:00 0 
7f3bc7be4000-7f3bc7e54000 rwxp 00000000 00:00 0 
7f3bc7e54000-7f3bcf11c000 ---p 00000000 00:00 0 
7f3bcf11c000-7f3bd77c6000 r--s 00000000 103:02 16123580                  /usr/lib/jvm/java-11-openjdk-amd64/lib/modules
7f3bd77c6000-7f3bd77cb000 r-xp 00000000 103:02 16123538                  /usr/lib/jvm/java-11-openjdk-amd64/lib/libjimage.so
7f3bd77cb000-7f3bd79ca000 ---p 00005000 103:02 16123538                  /usr/lib/jvm/java-11-openjdk-amd64/lib/libjimage.so
7f3bd79ca000-7f3bd79cb000 r--p 00004000 103:02 16123538                  /usr/lib/jvm/java-11-openjdk-amd64/lib/libjimage.so
7f3bd79cb000-7f3bd79cc000 rw-p 00005000 103:02 16123538                  /usr/lib/jvm/java-11-openjdk-amd64/lib/libjimage.so
7f3bd79cc000-7f3bd79d3000 r-xp 00000000 103:02 16123579                  /usr/lib/jvm/java-11-openjdk-amd64/lib/libzip.so
7f3bd79d3000-7f3bd7bd2000 ---p 00007000 103:02 16123579                  /usr/lib/jvm/java-11-openjdk-amd64/lib/libzip.so
7f3bd7bd2000-7f3bd7bd3000 r--p 00006000 103:02 16123579                  /usr/lib/jvm/java-11-openjdk-amd64/lib/libzip.so
7f3bd7bd3000-7f3bd7bd4000 rw-p 00007000 103:02 16123579                  /usr/lib/jvm/java-11-openjdk-amd64/lib/libzip.so
7f3bd7bd4000-7f3bd7bdf000 r-xp 00000000 103:02 7083012                   /lib/x86_64-linux-gnu/libnss_files-2.27.so
7f3bd7bdf000-7f3bd7dde000 ---p 0000b000 103:02 7083012                   /lib/x86_64-linux-gnu/libnss_files-2.27.so
7f3bd7dde000-7f3bd7ddf000 r--p 0000a000 103:02 7083012                   /lib/x86_64-linux-gnu/libnss_files-2.27.so
7f3bd7ddf000-7f3bd7de0000 rw-p 0000b000 103:02 7083012                   /lib/x86_64-linux-gnu/libnss_files-2.27.so
7f3bd7de0000-7f3bd7de6000 rw-p 00000000 00:00 0 
7f3bd7de6000-7f3bd7dfd000 r-xp 00000000 103:02 7083006                   /lib/x86_64-linux-gnu/libnsl-2.27.so
7f3bd7dfd000-7f3bd7ffc000 ---p 00017000 103:02 7083006                   /lib/x86_64-linux-gnu/libnsl-2.27.so
7f3bd7ffc000-7f3bd7ffd000 r--p 00016000 103:02 7083006                   /lib/x86_64-linux-gnu/libnsl-2.27.so
7f3bd7ffd000-7f3bd7ffe000 rw-p 00017000 103:02 7083006                   /lib/x86_64-linux-gnu/libnsl-2.27.so
7f3bd7ffe000-7f3bd8000000 rw-p 00000000 00:00 0 
7f3bd8000000-7f3bd8087000 rw-p 00000000 00:00 0 
7f3bd8087000-7f3bdc000000 ---p 00000000 00:00 0 
7f3bdc007000-7f3bdc00c000 rw-p 00000000 00:00 0 
7f3bdc00c000-7f3bdc0f2000 ---p 00000000 00:00 0 
7f3bdc0f2000-7f3bdc0f7000 rw-p 00000000 00:00 0 
7f3bdc0f7000-7f3bdc1dd000 ---p 00000000 00:00 0 
7f3bdc1dd000-7f3bdc1e8000 r-xp 00000000 103:02 7083023                   /lib/x86_64-linux-gnu/libnss_nis-2.27.so
7f3bdc1e8000-7f3bdc3e7000 ---p 0000b000 103:02 7083023                   /lib/x86_64-linux-gnu/libnss_nis-2.27.so
7f3bdc3e7000-7f3bdc3e8000 r--p 0000a000 103:02 7083023                   /lib/x86_64-linux-gnu/libnss_nis-2.27.so
7f3bdc3e8000-7f3bdc3e9000 rw-p 0000b000 103:02 7083023                   /lib/x86_64-linux-gnu/libnss_nis-2.27.so
7f3bdc3e9000-7f3bdc3f1000 r-xp 00000000 103:02 7083008                   /lib/x86_64-linux-gnu/libnss_compat-2.27.so
7f3bdc3f1000-7f3bdc5f1000 ---p 00008000 103:02 7083008                   /lib/x86_64-linux-gnu/libnss_compat-2.27.so
7f3bdc5f1000-7f3bdc5f2000 r--p 00008000 103:02 7083008                   /lib/x86_64-linux-gnu/libnss_compat-2.27.so
7f3bdc5f2000-7f3bdc5f3000 rw-p 00009000 103:02 7083008                   /lib/x86_64-linux-gnu/libnss_compat-2.27.so
7f3bdc5f3000-7f3bdc61c000 r-xp 00000000 103:02 16123503                  /usr/lib/jvm/java-11-openjdk-amd64/lib/libjava.so
7f3bdc61c000-7f3bdc81b000 ---p 00029000 103:02 16123503                  /usr/lib/jvm/java-11-openjdk-amd64/lib/libjava.so
7f3bdc81b000-7f3bdc81c000 r--p 00028000 103:02 16123503                  /usr/lib/jvm/java-11-openjdk-amd64/lib/libjava.so
7f3bdc81c000-7f3bdc81e000 rw-p 00029000 103:02 16123503                  /usr/lib/jvm/java-11-openjdk-amd64/lib/libjava.so
7f3bdc81e000-7f3bdc82b000 r-xp 00000000 103:02 16123578                  /usr/lib/jvm/java-11-openjdk-amd64/lib/libverify.so
7f3bdc82b000-7f3bdca2a000 ---p 0000d000 103:02 16123578                  /usr/lib/jvm/java-11-openjdk-amd64/lib/libverify.so
7f3bdca2a000-7f3bdca2c000 r--p 0000c000 103:02 16123578                  /usr/lib/jvm/java-11-openjdk-amd64/lib/libverify.so
7f3bdca2c000-7f3bdca2d000 rw-p 0000e000 103:02 16123578                  /usr/lib/jvm/java-11-openjdk-amd64/lib/libverify.so
7f3bdca2d000-7f3bdca34000 r-xp 00000000 103:02 7083063                   /lib/x86_64-linux-gnu/librt-2.27.so
7f3bdca34000-7f3bdcc33000 ---p 00007000 103:02 7083063                   /lib/x86_64-linux-gnu/librt-2.27.so
7f3bdcc33000-7f3bdcc34000 r--p 00006000 103:02 7083063                   /lib/x86_64-linux-gnu/librt-2.27.so
7f3bdcc34000-7f3bdcc35000 rw-p 00007000 103:02 7083063                   /lib/x86_64-linux-gnu/librt-2.27.so
7f3bdcc35000-7f3bdcc4c000 r-xp 00000000 103:02 7082959                   /lib/x86_64-linux-gnu/libgcc_s.so.1
7f3bdcc4c000-7f3bdce4b000 ---p 00017000 103:02 7082959                   /lib/x86_64-linux-gnu/libgcc_s.so.1
7f3bdce4b000-7f3bdce4c000 r--p 00016000 103:02 7082959                   /lib/x86_64-linux-gnu/libgcc_s.so.1
7f3bdce4c000-7f3bdce4d000 rw-p 00017000 103:02 7082959                   /lib/x86_64-linux-gnu/libgcc_s.so.1
7f3bdce4d000-7f3bdcfea000 r-xp 00000000 103:02 7082985                   /lib/x86_64-linux-gnu/libm-2.27.so
7f3bdcfea000-7f3bdd1e9000 ---p 0019d000 103:02 7082985                   /lib/x86_64-linux-gnu/libm-2.27.so
7f3bdd1e9000-7f3bdd1ea000 r--p 0019c000 103:02 7082985                   /lib/x86_64-linux-gnu/libm-2.27.so
7f3bdd1ea000-7f3bdd1eb000 rw-p 0019d000 103:02 7082985                   /lib/x86_64-linux-gnu/libm-2.27.so
7f3bdd1eb000-7f3bdd364000 r-xp 00000000 103:02 15082084                  /usr/lib/x86_64-linux-gnu/libstdc++.so.6.0.25
7f3bdd364000-7f3bdd564000 ---p 00179000 103:02 15082084                  /usr/lib/x86_64-linux-gnu/libstdc++.so.6.0.25
7f3bdd564000-7f3bdd56e000 r--p 00179000 103:02 15082084                  /usr/lib/x86_64-linux-gnu/libstdc++.so.6.0.25
7f3bdd56e000-7f3bdd570000 rw-p 00183000 103:02 15082084                  /usr/lib/x86_64-linux-gnu/libstdc++.so.6.0.25
7f3bdd570000-7f3bdd574000 rw-p 00000000 00:00 0 
7f3bdd574000-7f3bde640000 r-xp 00000000 103:02 16123585                  /usr/lib/jvm/java-11-openjdk-amd64/lib/server/libjvm.so
7f3bde640000-7f3bde83f000 ---p 010cc000 103:02 16123585                  /usr/lib/jvm/java-11-openjdk-amd64/lib/server/libjvm.so
7f3bde83f000-7f3bde8fc000 r--p 010cb000 103:02 16123585                  /usr/lib/jvm/java-11-openjdk-amd64/lib/server/libjvm.so
7f3bde8fc000-7f3bde935000 rw-p 01188000 103:02 16123585                  /usr/lib/jvm/java-11-openjdk-amd64/lib/server/libjvm.so
7f3bde935000-7f3bde98b000 rw-p 00000000 00:00 0 
7f3bde98b000-7f3bde9a5000 r-xp 00000000 103:02 7083055                   /lib/x86_64-linux-gnu/libpthread-2.27.so
7f3bde9a5000-7f3bdeba4000 ---p 0001a000 103:02 7083055                   /lib/x86_64-linux-gnu/libpthread-2.27.so
7f3bdeba4000-7f3bdeba5000 r--p 00019000 103:02 7083055                   /lib/x86_64-linux-gnu/libpthread-2.27.so
7f3bdeba5000-7f3bdeba6000 rw-p 0001a000 103:02 7083055                   /lib/x86_64-linux-gnu/libpthread-2.27.so
7f3bdeba6000-7f3bdebaa000 rw-p 00000000 00:00 0 
7f3bdebaa000-7f3bdebad000 r-xp 00000000 103:02 7082945                   /lib/x86_64-linux-gnu/libdl-2.27.so
7f3bdebad000-7f3bdedac000 ---p 00003000 103:02 7082945                   /lib/x86_64-linux-gnu/libdl-2.27.so
7f3bdedac000-7f3bdedad000 r--p 00002000 103:02 7082945                   /lib/x86_64-linux-gnu/libdl-2.27.so
7f3bdedad000-7f3bdedae000 rw-p 00003000 103:02 7082945                   /lib/x86_64-linux-gnu/libdl-2.27.so
7f3bdedae000-7f3bdedca000 r-xp 00000000 103:02 7083094                   /lib/x86_64-linux-gnu/libz.so.1.2.11
7f3bdedca000-7f3bdefc9000 ---p 0001c000 103:02 7083094                   /lib/x86_64-linux-gnu/libz.so.1.2.11
7f3bdefc9000-7f3bdefca000 r--p 0001b000 103:02 7083094                   /lib/x86_64-linux-gnu/libz.so.1.2.11
7f3bdefca000-7f3bdefcb000 rw-p 0001c000 103:02 7083094                   /lib/x86_64-linux-gnu/libz.so.1.2.11
7f3bdefcb000-7f3bdf1b2000 r-xp 00000000 103:02 7082922                   /lib/x86_64-linux-gnu/libc-2.27.so
7f3bdf1b2000-7f3bdf3b2000 ---p 001e7000 103:02 7082922                   /lib/x86_64-linux-gnu/libc-2.27.so
7f3bdf3b2000-7f3bdf3b6000 r--p 001e7000 103:02 7082922                   /lib/x86_64-linux-gnu/libc-2.27.so
7f3bdf3b6000-7f3bdf3b8000 rw-p 001eb000 103:02 7082922                   /lib/x86_64-linux-gnu/libc-2.27.so
7f3bdf3b8000-7f3bdf3bc000 rw-p 00000000 00:00 0 
7f3bdf3bc000-7f3bdf3cc000 r-xp 00000000 103:02 16123405                  /usr/lib/jvm/java-11-openjdk-amd64/lib/jli/libjli.so
7f3bdf3cc000-7f3bdf5cb000 ---p 00010000 103:02 16123405                  /usr/lib/jvm/java-11-openjdk-amd64/lib/jli/libjli.so
7f3bdf5cb000-7f3bdf5cc000 r--p 0000f000 103:02 16123405                  /usr/lib/jvm/java-11-openjdk-amd64/lib/jli/libjli.so
7f3bdf5cc000-7f3bdf5cd000 rw-p 00010000 103:02 16123405                  /usr/lib/jvm/java-11-openjdk-amd64/lib/jli/libjli.so
7f3bdf5cd000-7f3bdf5f4000 r-xp 00000000 103:02 7082894                   /lib/x86_64-linux-gnu/ld-2.27.so
7f3bdf633000-7f3bdf6af000 rw-p 00000000 00:00 0 
7f3bdf6af000-7f3bdf6b3000 ---p 00000000 00:00 0 
7f3bdf6b3000-7f3bdf7b2000 rw-p 00000000 00:00 0 
7f3bdf7da000-7f3bdf7df000 rw-p 00000000 00:00 0 
7f3bdf7df000-7f3bdf7e6000 ---p 00000000 00:00 0 
7f3bdf7e6000-7f3bdf7e8000 r--s 00007000 103:02 15471369                  /usr/share/java/java-atk-wrapper.jar
7f3bdf7e8000-7f3bdf7f0000 rw-s 00000000 103:02 27919271                  /tmp/hsperfdata_zerytle/22486
7f3bdf7f0000-7f3bdf7f1000 ---p 00000000 00:00 0 
7f3bdf7f1000-7f3bdf7f2000 r--p 00000000 00:00 0 
7f3bdf7f2000-7f3bdf7f4000 rw-p 00000000 00:00 0 
7f3bdf7f4000-7f3bdf7f5000 r--p 00027000 103:02 7082894                   /lib/x86_64-linux-gnu/ld-2.27.so
7f3bdf7f5000-7f3bdf7f6000 rw-p 00028000 103:02 7082894                   /lib/x86_64-linux-gnu/ld-2.27.so
7f3bdf7f6000-7f3bdf7f7000 rw-p 00000000 00:00 0 
7ffc35403000-7ffc35425000 rw-p 00000000 00:00 0                          [stack]
7ffc35573000-7ffc35576000 r--p 00000000 00:00 0                          [vvar]
7ffc35576000-7ffc35577000 r-xp 00000000 00:00 0                          [vdso]
ffffffffff600000-ffffffffff601000 r-xp 00000000 00:00 0                  [vsyscall]


VM Arguments:
jvm_args: --add-modules=javafx.controls,javafx.fxml,javafx.graphics --module-path=/home/zerytle/.gradle/caches/modules-2/files-2.1/org.openjfx/javafx-fxml/13/2c1016c361ce5797927e9e14847fbca9bebf3bd5/javafx-fxml-13-linux.jar:/home/zerytle/.gradle/caches/modules-2/files-2.1/org.openjfx/javafx-controls/13/bcedf8eb6e11c2a7908b3126004d41274f6334f3/javafx-controls-13-linux.jar:/home/zerytle/.gradle/caches/modules-2/files-2.1/org.openjfx/javafx-graphics/13/d853d12684f60037dfeea1a47e61396e0febfdfd/javafx-graphics-13-linux.jar:/home/zerytle/.gradle/caches/modules-2/files-2.1/org.openjfx/javafx-base/13/828b1e1a35104bb0f26a347c2716d553ca4cf4d2/javafx-base-13-linux.jar -Dfile.encoding=UTF-8 -Duser.country=CA -Duser.language=en -Duser.variant 
java_command: ca.mcgill.ecse223.quoridor.view.Main
java_class_path (initial): /home/zerytle/Classes/ecse223/ecse223-project--group-01/ca.mcgill.ecse223.quoridor/build/classes/java/main:/home/zerytle/Classes/ecse223/ecse223-project--group-01/ca.mcgill.ecse223.quoridor/build/resources/main:/home/zerytle/.gradle/caches/modules-2/files-2.1/org.openjfx/javafx-fxml/13/2c1016c361ce5797927e9e14847fbca9bebf3bd5/javafx-fxml-13-linux.jar:/home/zerytle/.gradle/caches/modules-2/files-2.1/org.openjfx/javafx-controls/13/bcedf8eb6e11c2a7908b3126004d41274f6334f3/javafx-controls-13-linux.jar:/home/zerytle/.gradle/caches/modules-2/files-2.1/org.openjfx/javafx-controls/13/6cd7169d2a729846c35fba9dc65af23a10ca253b/javafx-controls-13.jar:/home/zerytle/.gradle/caches/modules-2/files-2.1/org.openjfx/javafx-graphics/13/d853d12684f60037dfeea1a47e61396e0febfdfd/javafx-graphics-13-linux.jar:/home/zerytle/.gradle/caches/modules-2/files-2.1/org.openjfx/javafx-graphics/13/a9407212df2b75d557a509ec14a9e8e282494b4e/javafx-graphics-13.jar:/home/zerytle/.gradle/caches/modules-2/files-2.1/org.openjfx/javafx-base/13/828b1e1a35104bb0f26a347c2716d553ca4cf4d2/javafx-base-13-linux.jar:/home/zerytle/.gradle/caches/modules-2/files-2.1/org.openjfx/javafx-base/13/43c52e1d11b38514e9d2421ad98ca6a35de12b0/javafx-base-13.jar
Launcher Type: SUN_STANDARD

[Global flags]
     intx CICompilerCount                          = 4                                         {product} {ergonomic}
     uint ConcGCThreads                            = 2                                         {product} {ergonomic}
     uint G1ConcRefinementThreads                  = 8                                         {product} {ergonomic}
   size_t G1HeapRegionSize                         = 1048576                                   {product} {ergonomic}
    uintx GCDrainStackTargetSize                   = 64                                        {product} {ergonomic}
   size_t InitialHeapSize                          = 127926272                                 {product} {ergonomic}
   size_t MarkStackSize                            = 4194304                                   {product} {ergonomic}
   size_t MaxHeapSize                              = 2015363072                                {product} {ergonomic}
   size_t MinHeapDeltaBytes                        = 1048576                                   {product} {ergonomic}
    uintx NonNMethodCodeHeapSize                   = 5835340                                {pd product} {ergonomic}
    uintx NonProfiledCodeHeapSize                  = 122911450                              {pd product} {ergonomic}
    uintx ProfiledCodeHeapSize                     = 122911450                              {pd product} {ergonomic}
    uintx ReservedCodeCacheSize                    = 251658240                              {pd product} {ergonomic}
     bool SegmentedCodeCache                       = true                                      {product} {ergonomic}
     bool UseCompressedClassPointers               = true                                 {lp64_product} {ergonomic}
     bool UseCompressedOops                        = true                                 {lp64_product} {ergonomic}
     bool UseG1GC                                  = true                                      {product} {ergonomic}

Logging:
Log output configuration:
 #0: stdout all=warning uptime,level,tags
 #1: stderr all=off uptime,level,tags

Environment Variables:
JAVA_HOME=/usr/lib/jvm/oracle_jdk8
CLASSPATH=/usr/lib/jvm/oracle_jdk8/lib
PATH=/usr/local/sbin:/usr/local/bin:/usr/sbin:/usr/bin:/sbin:/bin:/usr/games:/usr/local/games:/snap/bin
USERNAME=zerytle
SHELL=/bin/bash
DISPLAY=:0

Signal Handlers:
SIGSEGV: [libjvm.so+0xde5f50], sa_mask[0]=11111111011111111101111111111110, sa_flags=SA_RESTART|SA_SIGINFO
SIGBUS: [libjvm.so+0xde5f50], sa_mask[0]=11111111011111111101111111111110, sa_flags=SA_RESTART|SA_SIGINFO
SIGFPE: [libjvm.so+0xde5f50], sa_mask[0]=11111111011111111101111111111110, sa_flags=SA_RESTART|SA_SIGINFO
SIGPIPE: [libjvm.so+0xbba5b0], sa_mask[0]=11111111011111111101111111111110, sa_flags=SA_RESTART|SA_SIGINFO
SIGXFSZ: [libjvm.so+0xbba5b0], sa_mask[0]=11111111011111111101111111111110, sa_flags=SA_RESTART|SA_SIGINFO
SIGILL: [libjvm.so+0xde5f50], sa_mask[0]=11111111011111111101111111111110, sa_flags=SA_RESTART|SA_SIGINFO
SIGUSR2: [libjvm.so+0xbba450], sa_mask[0]=00100000000000000000000000000000, sa_flags=SA_RESTART|SA_SIGINFO
SIGHUP: SIG_DFL, sa_mask[0]=00000000000000000000000000000000, sa_flags=none
SIGINT: SIG_DFL, sa_mask[0]=00000000000000000000000000000000, sa_flags=none
SIGTERM: SIG_DFL, sa_mask[0]=00000000000000000000000000000000, sa_flags=none
SIGQUIT: SIG_DFL, sa_mask[0]=00000000000000000000000000000000, sa_flags=none


---------------  S Y S T E M  ---------------

OS:DISTRIB_ID=Ubuntu
DISTRIB_RELEASE=18.04
DISTRIB_CODENAME=bionic
DISTRIB_DESCRIPTION="Ubuntu 18.04.3 LTS"
uname:Linux 5.0.0-32-generic #34~18.04.2-Ubuntu SMP Thu Oct 10 10:36:02 UTC 2019 x86_64
libc:glibc 2.27 NPTL 2.27 
rlimit: STACK 8192k, CORE 0k, NPROC 30565, NOFILE 1048576, AS infinity, DATA infinity, FSIZE infinity
load average:2.85 2.41 2.05

/proc/meminfo:
MemTotal:        7872392 kB
MemFree:          128464 kB
MemAvailable:      44820 kB
Buffers:            2400 kB
Cached:           712132 kB
SwapCached:         5052 kB
Active:          6372760 kB
Inactive:         957836 kB
Active(anon):    6342824 kB
Inactive(anon):   927860 kB
Active(file):      29936 kB
Inactive(file):    29976 kB
Unevictable:        2032 kB
Mlocked:              96 kB
SwapTotal:       2097148 kB
SwapFree:              0 kB
Dirty:               784 kB
Writeback:             0 kB
AnonPages:       6614336 kB
Mapped:           452848 kB
Shmem:            653472 kB
KReclaimable:      52196 kB
Slab:             149724 kB
SReclaimable:      52196 kB
SUnreclaim:        97528 kB
KernelStack:       27904 kB
PageTables:       113604 kB
NFS_Unstable:          0 kB
Bounce:                0 kB
WritebackTmp:          0 kB
CommitLimit:     6033344 kB
Committed_AS:   20446812 kB
VmallocTotal:   34359738367 kB
VmallocUsed:           0 kB
VmallocChunk:          0 kB
Percpu:             2464 kB
HardwareCorrupted:     0 kB
AnonHugePages:         0 kB
ShmemHugePages:        0 kB
ShmemPmdMapped:        0 kB
CmaTotal:              0 kB
CmaFree:               0 kB
HugePages_Total:       0
HugePages_Free:        0
HugePages_Rsvd:        0
HugePages_Surp:        0
Hugepagesize:       2048 kB
Hugetlb:               0 kB
DirectMap4k:      355100 kB
DirectMap2M:     7741440 kB
DirectMap1G:           0 kB


/proc/sys/kernel/threads-max (system-wide limit on the number of threads):
61130


/proc/sys/vm/max_map_count (maximum number of memory map areas a process may have):
65530


/proc/sys/kernel/pid_max (system-wide limit on number of process identifiers):
32768



container (cgroup) information:
container_type: cgroupv1
cpu_cpuset_cpus: 0-7
cpu_memory_nodes: 0
active_processor_count: 8
cpu_quota: -1
cpu_period: 100000
cpu_shares: -1
memory_limit_in_bytes: -1
memory_and_swap_limit_in_bytes: -2
memory_soft_limit_in_bytes: -1
memory_usage_in_bytes: 7508598784
memory_max_usage_in_bytes: 117256192

Steal ticks since vm start: 0
Steal ticks percentage since vm start:  0.000

CPU:total 8 (initial active 8) (4 cores per cpu, 2 threads per core) family 6 model 142 stepping 11, cmov, cx8, fxsr, mmx, sse, sse2, sse3, ssse3, sse4.1, sse4.2, popcnt, avx, avx2, aes, clmul, erms, 3dnowpref, lzcnt, ht, tsc, tscinvbit, bmi1, bmi2, adx, fma
CPU Model and flags from /proc/cpuinfo:
model name	: Intel(R) Core(TM) i7-8565U CPU @ 1.80GHz
flags		: fpu vme de pse tsc msr pae mce cx8 apic sep mtrr pge mca cmov pat pse36 clflush dts acpi mmx fxsr sse sse2 ss ht tm pbe syscall nx pdpe1gb rdtscp lm constant_tsc art arch_perfmon pebs bts rep_good nopl xtopology nonstop_tsc cpuid aperfmperf tsc_known_freq pni pclmulqdq dtes64 monitor ds_cpl vmx est tm2 ssse3 sdbg fma cx16 xtpr pdcm pcid sse4_1 sse4_2 x2apic movbe popcnt tsc_deadline_timer aes xsave avx f16c rdrand lahf_lm abm 3dnowprefetch cpuid_fault epb invpcid_single ssbd ibrs ibpb stibp tpr_shadow vnmi flexpriority ept vpid ept_ad fsgsbase tsc_adjust bmi1 avx2 smep bmi2 erms invpcid mpx rdseed adx smap clflushopt intel_pt xsaveopt xsavec xgetbv1 xsaves dtherm ida arat pln pts hwp hwp_notify hwp_act_window hwp_epp md_clear flush_l1d arch_capabilities

Memory: 4k page, physical 7872392k(128464k free), swap 2097148k(0k free)

vm_info: OpenJDK 64-Bit Server VM (11.0.4+11-post-Ubuntu-1ubuntu218.04.3) for linux-amd64 JRE (11.0.4+11-post-Ubuntu-1ubuntu218.04.3), built on Jul 18 2019 18:21:46 by "buildd" with gcc 7.4.0

END.
